<?xml version="1.0" encoding="UTF-8"?>
<!-- Generated by org.testng.reporters.JUnitXMLReporter -->
<testsuite ignored="0" hostname="Asplap1951" failures="0" tests="7" name="Default test" time="43.965" errors="0" timestamp="2025-09-03T21:14:03 IST">
  <testcase classname="Amazon.AddToCartTest" name="viewEmptyCart" time="4.516"/>
  <testcase classname="Amazon.AddToCartTest" name="incQuantityToCart" time="10.09"/>
  <testcase classname="Amazon.AddToCartTest" name="addSingleProductToCart" time="7.737"/>
  <testcase classname="Amazon.AddToCartTest" name="addMultipleProductToCart" time="8.407"/>
  <testcase classname="Amazon.AddToCartTest" name="viewCart" time="3.343"/>
  <testcase classname="Amazon.AddToCartTest" name="deleteProduct" time="4.582"/>
  <testcase classname="Amazon.AddToCartTest" name="proceedToPay" time="3.747"/>
</testsuite> <!-- Default test -->
