<?xml version="1.0" encoding="UTF-8"?>
<testng-results ignored="0" total="7" passed="7" failed="0" skipped="0">
  <reporter-output>
  </reporter-output>
  <suite started-at="2025-09-03T21:13:19 IST" name="Default suite" finished-at="2025-09-03T21:14:03 IST" duration-ms="43965">
    <groups>
    </groups>
    <test started-at="2025-09-03T21:13:19 IST" name="Default test" finished-at="2025-09-03T21:14:03 IST" duration-ms="43965">
      <class name="Amazon.AddToCartTest">
        <test-method is-config="true" signature="setUp()[pri:0, instance:Amazon.AddToCartTest@5b12b668]" started-at="2025-09-03T21:13:19 IST" name="setUp" finished-at="2025-09-03T21:13:20 IST" duration-ms="1468" status="PASS">
          <reporter-output>
          </reporter-output>
        </test-method> <!-- setUp -->
        <test-method signature="viewEmptyCart()[pri:1, instance:Amazon.AddToCartTest@5b12b668]" started-at="2025-09-03T21:13:20 IST" name="viewEmptyCart" finished-at="2025-09-03T21:13:25 IST" duration-ms="4516" status="PASS">
          <reporter-output>
          </reporter-output>
        </test-method> <!-- viewEmptyCart -->
        <test-method signature="incQuantityToCart()[pri:2, instance:Amazon.AddToCartTest@5b12b668]" started-at="2025-09-03T21:13:25 IST" name="incQuantityToCart" finished-at="2025-09-03T21:13:35 IST" duration-ms="10090" status="PASS">
          <reporter-output>
          </reporter-output>
        </test-method> <!-- incQuantityToCart -->
        <test-method signature="addSingleProductToCart()[pri:3, instance:Amazon.AddToCartTest@5b12b668]" started-at="2025-09-03T21:13:35 IST" name="addSingleProductToCart" finished-at="2025-09-03T21:13:42 IST" duration-ms="7737" status="PASS">
          <reporter-output>
          </reporter-output>
        </test-method> <!-- addSingleProductToCart -->
        <test-method signature="addMultipleProductToCart()[pri:4, instance:Amazon.AddToCartTest@5b12b668]" started-at="2025-09-03T21:13:42 IST" name="addMultipleProductToCart" finished-at="2025-09-03T21:13:51 IST" duration-ms="8407" status="PASS">
          <reporter-output>
          </reporter-output>
        </test-method> <!-- addMultipleProductToCart -->
        <test-method signature="viewCart()[pri:5, instance:Amazon.AddToCartTest@5b12b668]" started-at="2025-09-03T21:13:51 IST" name="viewCart" finished-at="2025-09-03T21:13:54 IST" duration-ms="3343" status="PASS">
          <reporter-output>
          </reporter-output>
        </test-method> <!-- viewCart -->
        <test-method signature="deleteProduct()[pri:6, instance:Amazon.AddToCartTest@5b12b668]" started-at="2025-09-03T21:13:54 IST" name="deleteProduct" finished-at="2025-09-03T21:13:59 IST" duration-ms="4582" status="PASS">
          <reporter-output>
          </reporter-output>
        </test-method> <!-- deleteProduct -->
        <test-method signature="proceedToPay()[pri:7, instance:Amazon.AddToCartTest@5b12b668]" started-at="2025-09-03T21:13:59 IST" name="proceedToPay" finished-at="2025-09-03T21:14:03 IST" duration-ms="3747" status="PASS">
          <reporter-output>
          </reporter-output>
        </test-method> <!-- proceedToPay -->
        <test-method is-config="true" signature="tearDown()[pri:0, instance:Amazon.AddToCartTest@5b12b668]" started-at="2025-09-03T21:14:03 IST" name="tearDown" finished-at="2025-09-03T21:14:03 IST" duration-ms="3" status="PASS">
          <reporter-output>
          </reporter-output>
        </test-method> <!-- tearDown -->
      </class> <!-- Amazon.AddToCartTest -->
    </test> <!-- Default test -->
  </suite> <!-- Default suite -->
</testng-results>
